<?xml version="1.0" encoding="UTF-8"?>
<!-- Generated by org.testng.reporters.JUnitXMLReporter -->
<testsuite ignored="0" hostname="DESKTOP-U6D9EGH" failures="1" tests="32" name="Test" time="100.342" errors="0" timestamp="06 Mar 2023 19:12:54 GMT">
  <testcase classname="testCases.LoginTestCases" name="verifyCheckBox" time="0.056"/>
  <testcase classname="testCases.LoginTestCases" name="verifyLoginForInValidUser" time="0.831"/>
  <testcase classname="testCases.LoginTestCases" name="verifyLoginForInValidUserwithExcelDataProvider" time="0.284"/>
  <testcase classname="testCases.LoginTestCases" name="verifyLoginForInValidUserwithExcelDataProvider" time="0.285"/>
  <testcase classname="testCases.LoginTestCases" name="verifyLoginForInValidUserwithExcelDataProvider" time="0.339"/>
  <testcase classname="testCases.LoginTestCases" name="verifyLoginForInValidUserwithExcelDataProvider" time="0.291"/>
  <testcase classname="testCases.LoginTestCases" name="verifySignInButtonColor" time="0.019"/>
  <testcase classname="testCases.LoginTestCases" name="verifySignInButtonText" time="0.022"/>
  <testcase classname="testCases.ManageExpensesTestCases" name="verifyAddExpenseFieldsPresence" time="1.197"/>
  <testcase classname="testCases.ManageExpensesTestCases" name="verifyAddNewExpenseRecord" time="3.172"/>
  <testcase classname="testCases.ManageExpensesTestCases" name="verifyManageExpensePageLoad" time="0.82"/>
  <testcase classname="testCases.ManageExpensesTestCases" name="verifyNewSearchResetButtonFontColor" time="0.801"/>
  <testcase classname="testCases.ManageExpensesTestCases" name="verifyNewSearchResetButtonFontSize" time="0.851"/>
  <testcase classname="testCases.AdminUserTestCases" name="verifyAdminUserPageTitle" time="0.632"/>
  <testcase classname="testCases.AdminUserTestCases" name="verifyAdminUserPageURL" time="0.615"/>
  <testcase classname="testCases.AdminUserTestCases" name="verifyCreateNewUser" time="1.339"/>
  <testcase classname="testCases.ManageProductTestCases" name="verifyAddNewProductPageDefaultCheckboxValuesSelected" time="1.139"/>
  <testcase classname="testCases.ManageProductTestCases" name="verifyAddNewProductPageDefaultRadioButtonValues" time="1.083"/>
  <testcase classname="testCases.ManageProductTestCases" name="verifyManageProductPageisLoaded" time="0.691"/>
  <testcase classname="testCases.ManageProductTestCases" name="verifyManageProductTitle" time="0.66"/>
  <testcase classname="testCases.ManageProductTestCases" name="verifyManageProductURL" time="0.712"/>
  <testcase classname="testCases.ManageProductTestCases" name="verifyProductSearchPageLoad" time="0.881"/>
  <testcase classname="testCases.HomePageTestCases" name="verifyHomePageTitle" time="0.476"/>
  <testcase classname="testCases.HomePageTestCases" name="verifyHomePageURL" time="0.437"/>
  <testcase classname="testCases.HomePageTestCases" name="verifyUserLogout" time="0.637"/>
  <testcase classname="testCases.ExpenseCategoryTestCases" name="EditExpenseCategory" time="6.236">
    <failure type="org.openqa.selenium.NoSuchElementException" message="no such element: Unable to locate element: {&amp;quot;method&amp;quot;:&amp;quot;xpath&amp;quot;,&amp;quot;selector&amp;quot;:&amp;quot;//div[@class=&amp;apos;alert alert-success alert-dismissible&amp;apos;]&amp;quot;}
  (Session info: chrome=110.0.5481.178)
For documentation on this error, please visit: https://selenium.dev/exceptions/#no_such_element
Build info: version: &amp;apos;4.4.0&amp;apos;, revision: &amp;apos;e5c75ed026a&amp;apos;
System info: host: &amp;apos;DESKTOP-U6D9EGH&amp;apos;, ip: &amp;apos;192.168.1.7&amp;apos;, os.name: &amp;apos;Windows 10&amp;apos;, os.arch: &amp;apos;amd64&amp;apos;, os.version: &amp;apos;10.0&amp;apos;, java.version: &amp;apos;15.0.2&amp;apos;
Driver info: org.openqa.selenium.chrome.ChromeDriver
Command: [527726a94d631e53248d096a3407e474, findElement {using=xpath, value=//div[@class=&amp;apos;alert alert-success alert-dismissible&amp;apos;]}]
Capabilities {acceptInsecureCerts: false, browserName: chrome, browserVersion: 110.0.5481.178, chrome: {chromedriverVersion: 110.0.5481.77 (65ed616c6e8e..., userDataDir: C:\Users\JOSSY\AppData\Loca...}, goog:chromeOptions: {debuggerAddress: localhost:53175}, networkConnectionEnabled: false, pageLoadStrategy: normal, platformName: WINDOWS, proxy: Proxy(), se:cdp: ws://localhost:53175/devtoo..., se:cdpVersion: 110.0.5481.178, setWindowRect: true, strictFileInteractability: false, timeouts: {implicit: 0, pageLoad: 300000, script: 30000}, unhandledPromptBehavior: dismiss and notify, webauthn:extension:credBlob: true, webauthn:extension:largeBlob: true, webauthn:virtualAuthenticators: true}
Session ID: 527726a94d631e53248d096a3407e474">
      <![CDATA[org.openqa.selenium.NoSuchElementException: no such element: Unable to locate element: {"method":"xpath","selector":"//div[@class='alert alert-success alert-dismissible']"}
  (Session info: chrome=110.0.5481.178)
For documentation on this error, please visit: https://selenium.dev/exceptions/#no_such_element
Build info: version: '4.4.0', revision: 'e5c75ed026a'
System info: host: 'DESKTOP-U6D9EGH', ip: '192.168.1.7', os.name: 'Windows 10', os.arch: 'amd64', os.version: '10.0', java.version: '15.0.2'
Driver info: org.openqa.selenium.chrome.ChromeDriver
Command: [527726a94d631e53248d096a3407e474, findElement {using=xpath, value=//div[@class='alert alert-success alert-dismissible']}]
Capabilities {acceptInsecureCerts: false, browserName: chrome, browserVersion: 110.0.5481.178, chrome: {chromedriverVersion: 110.0.5481.77 (65ed616c6e8e..., userDataDir: C:\Users\JOSSY\AppData\Loca...}, goog:chromeOptions: {debuggerAddress: localhost:53175}, networkConnectionEnabled: false, pageLoadStrategy: normal, platformName: WINDOWS, proxy: Proxy(), se:cdp: ws://localhost:53175/devtoo..., se:cdpVersion: 110.0.5481.178, setWindowRect: true, strictFileInteractability: false, timeouts: {implicit: 0, pageLoad: 300000, script: 30000}, unhandledPromptBehavior: dismiss and notify, webauthn:extension:credBlob: true, webauthn:extension:largeBlob: true, webauthn:virtualAuthenticators: true}
Session ID: 527726a94d631e53248d096a3407e474
at org.openqa.selenium.remote.codec.w3c.W3CHttpResponseCodec.createException(W3CHttpResponseCodec.java:200)
at org.openqa.selenium.remote.codec.w3c.W3CHttpResponseCodec.decode(W3CHttpResponseCodec.java:133)
at org.openqa.selenium.remote.codec.w3c.W3CHttpResponseCodec.decode(W3CHttpResponseCodec.java:53)
at org.openqa.selenium.remote.HttpCommandExecutor.execute(HttpCommandExecutor.java:184)
at org.openqa.selenium.remote.service.DriverCommandExecutor.invokeExecute(DriverCommandExecutor.java:167)
at org.openqa.selenium.remote.service.DriverCommandExecutor.execute(DriverCommandExecutor.java:142)
at org.openqa.selenium.remote.RemoteWebDriver.execute(RemoteWebDriver.java:547)
at org.openqa.selenium.remote.ElementLocation$ElementFinder$2.findElement(ElementLocation.java:162)
at org.openqa.selenium.remote.ElementLocation.findElement(ElementLocation.java:60)
at org.openqa.selenium.remote.RemoteWebDriver.findElement(RemoteWebDriver.java:365)
at org.openqa.selenium.remote.RemoteWebDriver.findElement(RemoteWebDriver.java:357)
at org.openqa.selenium.support.pagefactory.DefaultElementLocator.findElement(DefaultElementLocator.java:70)
at org.openqa.selenium.support.pagefactory.internal.LocatingElementHandler.invoke(LocatingElementHandler.java:39)
at com.sun.proxy.$Proxy19.getText(Unknown Source)
at elementRepository.ExpenseCategory.updateSuccessAlert(ExpenseCategory.java:143)
at testCases.ExpenseCategoryTestCases.EditExpenseCategory(ExpenseCategoryTestCases.java:88)
... Removed 30 stack frames]]>
    </failure>
  </testcase> <!-- EditExpenseCategory -->
  <testcase classname="testCases.ExpenseCategoryTestCases" name="addNewExpenseCategory" time="1.285"/>
  <testcase classname="testCases.ExpenseCategoryTestCases" name="deleteExpenseCategory" time="1.21"/>
  <testcase classname="testCases.ExpenseCategoryTestCases" name="searchExpenseCategory" time="1.184"/>
  <testcase classname="testCases.ExpenseCategoryTestCases" name="verifyNewSearchResetButtonColors" time="0.838"/>
  <testcase classname="testCases.LoginTestCases" name="verifyLoginForValidUser" time="0.736"/>
  <testcase classname="testCases.ExpenseCategoryTestCases" name="verifyExpenseCategoryPageIsLoaded" time="0.862"/>
</testsuite> <!-- Test -->
