<html>
<head>
<title>TestNG:  Test</title>
<link href="../testng.css" rel="stylesheet" type="text/css" />
<link href="../my-testng.css" rel="stylesheet" type="text/css" />

<style type="text/css">
.log { display: none;} 
.stack-trace { display: none;} 
</style>
<script type="text/javascript">
<!--
function flip(e) {
  current = e.style.display;
  if (current == 'block') {
    e.style.display = 'none';
    return 0;
  }
  else {
    e.style.display = 'block';
    return 1;
  }
}

function toggleBox(szDivId, elem, msg1, msg2)
{
  var res = -1;  if (document.getElementById) {
    res = flip(document.getElementById(szDivId));
  }
  else if (document.all) {
    // this is the way old msie versions work
    res = flip(document.all[szDivId]);
  }
  if(elem) {
    if(res == 0) elem.innerHTML = msg1; else elem.innerHTML = msg2;
  }

}

function toggleAllBoxes() {
  if (document.getElementsByTagName) {
    d = document.getElementsByTagName('div');
    for (i = 0; i < d.length; i++) {
      if (d[i].className == 'log') {
        flip(d[i]);
      }
    }
  }
}

// -->
</script>

</head>
<body>
<h2 align='center'>Test</h2><table border='1' align="center">
<tr>
<td>Tests passed/Failed/Skipped:</td><td>31/1/0</td>
</tr><tr>
<td>Started on:</td><td>Tue Mar 07 00:41:14 IST 2023</td>
</tr>
<tr><td>Total time:</td><td>100 seconds (100342 ms)</td>
</tr><tr>
<td>Included groups:</td><td></td>
</tr><tr>
<td>Excluded groups:</td><td></td>
</tr>
</table><p/>
<small><i>(Hover the method name to see the test class name)</i></small><p/>
<table width='100%' border='1' class='invocation-failed'>
<tr><td colspan='4' align='center'><b>FAILED TESTS</b></td></tr>
<tr><td><b>Test method</b></td>
<td width="30%"><b>Exception</b></td>
<td width="10%"><b>Time (seconds)</b></td>
<td><b>Instance</b></td>
</tr>
<tr>
<td title='testCases.ExpenseCategoryTestCases.EditExpenseCategory()'><b>EditExpenseCategory</b><br>Test class: testCases.ExpenseCategoryTestCases</td>
<td><div><pre>org.openqa.selenium.NoSuchElementException: no such element: Unable to locate element: {&quot;method&quot;:&quot;xpath&quot;,&quot;selector&quot;:&quot;//div[@class=&apos;alert alert-success alert-dismissible&apos;]&quot;}
  (Session info: chrome=110.0.5481.178)
For documentation on this error, please visit: https://selenium.dev/exceptions/#no_such_element
Build info: version: &apos;4.4.0&apos;, revision: &apos;e5c75ed026a&apos;
System info: host: &apos;DESKTOP-U6D9EGH&apos;, ip: &apos;192.168.1.7&apos;, os.name: &apos;Windows 10&apos;, os.arch: &apos;amd64&apos;, os.version: &apos;10.0&apos;, java.version: &apos;15.0.2&apos;
Driver info: org.openqa.selenium.chrome.ChromeDriver
Command: [527726a94d631e53248d096a3407e474, findElement {using=xpath, value=//div[@class=&apos;alert alert-success alert-dismissible&apos;]}]
Capabilities {acceptInsecureCerts: false, browserName: chrome, browserVersion: 110.0.5481.178, chrome: {chromedriverVersion: 110.0.5481.77 (65ed616c6e8e..., userDataDir: C:\Users\JOSSY\AppData\Loca...}, goog:chromeOptions: {debuggerAddress: localhost:53175}, networkConnectionEnabled: false, pageLoadStrategy: normal, platformName: WINDOWS, proxy: Proxy(), se:cdp: ws://localhost:53175/devtoo..., se:cdpVersion: 110.0.5481.178, setWindowRect: true, strictFileInteractability: false, timeouts: {implicit: 0, pageLoad: 300000, script: 30000}, unhandledPromptBehavior: dismiss and notify, webauthn:extension:credBlob: true, webauthn:extension:largeBlob: true, webauthn:virtualAuthenticators: true}
Session ID: 527726a94d631e53248d096a3407e474
	at org.openqa.selenium.remote.codec.w3c.W3CHttpResponseCodec.createException(W3CHttpResponseCodec.java:200)
	at org.openqa.selenium.remote.codec.w3c.W3CHttpResponseCodec.decode(W3CHttpResponseCodec.java:133)
	at org.openqa.selenium.remote.codec.w3c.W3CHttpResponseCodec.decode(W3CHttpResponseCodec.java:53)
	at org.openqa.selenium.remote.HttpCommandExecutor.execute(HttpCommandExecutor.java:184)
	at org.openqa.selenium.remote.service.DriverCommandExecutor.invokeExecute(DriverCommandExecutor.java:167)
	at org.openqa.selenium.remote.service.DriverCommandExecutor.execute(DriverCommandExecutor.java:142)
	at org.openqa.selenium.remote.RemoteWebDriver.execute(RemoteWebDriver.java:547)
	at org.openqa.selenium.remote.ElementLocation$ElementFinder$2.findElement(ElementLocation.java:162)
	at org.openqa.selenium.remote.ElementLocation.findElement(ElementLocation.java:60)
	at org.openqa.selenium.remote.RemoteWebDriver.findElement(RemoteWebDriver.java:365)
	at org.openqa.selenium.remote.RemoteWebDriver.findElement(RemoteWebDriver.java:357)
	at org.openqa.selenium.support.pagefactory.DefaultElementLocator.findElement(DefaultElementLocator.java:70)
	at org.openqa.selenium.support.pagefactory.internal.LocatingElementHandler.invoke(LocatingElementHandler.java:39)
	at com.sun.proxy.$Proxy19.getText(Unknown Source)
	at elementRepository.ExpenseCategory.updateSuccessAlert(ExpenseCategory.java:143)
	at testCases.ExpenseCategoryTestCases.EditExpenseCategory(ExpenseCategoryTestCases.java:88)
... Removed 30 stack frames</pre></div><a href='#' onClick='toggleBox("stack-trace1413677222", this, "Click to show all stack frames", "Click to hide stack frames")'>Click to show all stack frames</a>
<div class='stack-trace' id='stack-trace1413677222'><pre>org.openqa.selenium.NoSuchElementException: no such element: Unable to locate element: {&quot;method&quot;:&quot;xpath&quot;,&quot;selector&quot;:&quot;//div[@class=&apos;alert alert-success alert-dismissible&apos;]&quot;}
  (Session info: chrome=110.0.5481.178)
For documentation on this error, please visit: https://selenium.dev/exceptions/#no_such_element
Build info: version: &apos;4.4.0&apos;, revision: &apos;e5c75ed026a&apos;
System info: host: &apos;DESKTOP-U6D9EGH&apos;, ip: &apos;192.168.1.7&apos;, os.name: &apos;Windows 10&apos;, os.arch: &apos;amd64&apos;, os.version: &apos;10.0&apos;, java.version: &apos;15.0.2&apos;
Driver info: org.openqa.selenium.chrome.ChromeDriver
Command: [527726a94d631e53248d096a3407e474, findElement {using=xpath, value=//div[@class=&apos;alert alert-success alert-dismissible&apos;]}]
Capabilities {acceptInsecureCerts: false, browserName: chrome, browserVersion: 110.0.5481.178, chrome: {chromedriverVersion: 110.0.5481.77 (65ed616c6e8e..., userDataDir: C:\Users\JOSSY\AppData\Loca...}, goog:chromeOptions: {debuggerAddress: localhost:53175}, networkConnectionEnabled: false, pageLoadStrategy: normal, platformName: WINDOWS, proxy: Proxy(), se:cdp: ws://localhost:53175/devtoo..., se:cdpVersion: 110.0.5481.178, setWindowRect: true, strictFileInteractability: false, timeouts: {implicit: 0, pageLoad: 300000, script: 30000}, unhandledPromptBehavior: dismiss and notify, webauthn:extension:credBlob: true, webauthn:extension:largeBlob: true, webauthn:virtualAuthenticators: true}
Session ID: 527726a94d631e53248d096a3407e474
	at java.base/jdk.internal.reflect.NativeConstructorAccessorImpl.newInstance0(Native Method)
	at java.base/jdk.internal.reflect.NativeConstructorAccessorImpl.newInstance(NativeConstructorAccessorImpl.java:64)
	at java.base/jdk.internal.reflect.DelegatingConstructorAccessorImpl.newInstance(DelegatingConstructorAccessorImpl.java:45)
	at java.base/java.lang.reflect.Constructor.newInstanceWithCaller(Constructor.java:500)
	at java.base/java.lang.reflect.Constructor.newInstance(Constructor.java:481)
	at org.openqa.selenium.remote.codec.w3c.W3CHttpResponseCodec.createException(W3CHttpResponseCodec.java:200)
	at org.openqa.selenium.remote.codec.w3c.W3CHttpResponseCodec.decode(W3CHttpResponseCodec.java:133)
	at org.openqa.selenium.remote.codec.w3c.W3CHttpResponseCodec.decode(W3CHttpResponseCodec.java:53)
	at org.openqa.selenium.remote.HttpCommandExecutor.execute(HttpCommandExecutor.java:184)
	at org.openqa.selenium.remote.service.DriverCommandExecutor.invokeExecute(DriverCommandExecutor.java:167)
	at org.openqa.selenium.remote.service.DriverCommandExecutor.execute(DriverCommandExecutor.java:142)
	at org.openqa.selenium.remote.RemoteWebDriver.execute(RemoteWebDriver.java:547)
	at org.openqa.selenium.remote.ElementLocation$ElementFinder$2.findElement(ElementLocation.java:162)
	at org.openqa.selenium.remote.ElementLocation.findElement(ElementLocation.java:60)
	at org.openqa.selenium.remote.RemoteWebDriver.findElement(RemoteWebDriver.java:365)
	at org.openqa.selenium.remote.RemoteWebDriver.findElement(RemoteWebDriver.java:357)
	at org.openqa.selenium.support.pagefactory.DefaultElementLocator.findElement(DefaultElementLocator.java:70)
	at org.openqa.selenium.support.pagefactory.internal.LocatingElementHandler.invoke(LocatingElementHandler.java:39)
	at com.sun.proxy.$Proxy19.getText(Unknown Source)
	at elementRepository.ExpenseCategory.updateSuccessAlert(ExpenseCategory.java:143)
	at testCases.ExpenseCategoryTestCases.EditExpenseCategory(ExpenseCategoryTestCases.java:88)
	at java.base/jdk.internal.reflect.NativeMethodAccessorImpl.invoke0(Native Method)
	at java.base/jdk.internal.reflect.NativeMethodAccessorImpl.invoke(NativeMethodAccessorImpl.java:64)
	at java.base/jdk.internal.reflect.DelegatingMethodAccessorImpl.invoke(DelegatingMethodAccessorImpl.java:43)
	at java.base/java.lang.reflect.Method.invoke(Method.java:564)
	at org.testng.internal.MethodInvocationHelper.invokeMethod(MethodInvocationHelper.java:124)
	at org.testng.internal.Invoker.invokeMethod(Invoker.java:583)
	at org.testng.internal.Invoker.invokeTestMethod(Invoker.java:719)
	at org.testng.internal.Invoker.invokeTestMethods(Invoker.java:989)
	at org.testng.internal.TestMethodWorker.invokeTestMethods(TestMethodWorker.java:125)
	at org.testng.internal.TestMethodWorker.run(TestMethodWorker.java:109)
	at org.testng.TestRunner.privateRun(TestRunner.java:648)
	at org.testng.TestRunner.run(TestRunner.java:505)
	at org.testng.SuiteRunner.runTest(SuiteRunner.java:455)
	at org.testng.SuiteRunner.runSequentially(SuiteRunner.java:450)
	at org.testng.SuiteRunner.privateRun(SuiteRunner.java:415)
	at org.testng.SuiteRunner.run(SuiteRunner.java:364)
	at org.testng.SuiteRunnerWorker.runSuite(SuiteRunnerWorker.java:52)
	at org.testng.SuiteRunnerWorker.run(SuiteRunnerWorker.java:84)
	at org.testng.TestNG.runSuitesSequentially(TestNG.java:1208)
	at org.testng.TestNG.runSuitesLocally(TestNG.java:1137)
	at org.testng.TestNG.runSuites(TestNG.java:1049)
	at org.testng.TestNG.run(TestNG.java:1017)
	at org.testng.remote.AbstractRemoteTestNG.run(AbstractRemoteTestNG.java:115)
	at org.testng.remote.RemoteTestNG.initAndRun(RemoteTestNG.java:251)
	at org.testng.remote.RemoteTestNG.main(RemoteTestNG.java:77)
</pre></div></td>
<td>6</td>
<td>testCases.ExpenseCategoryTestCases@2ab4bc72</td></tr>
</table><p>
<table width='100%' border='1' class='invocation-passed'>
<tr><td colspan='4' align='center'><b>PASSED TESTS</b></td></tr>
<tr><td><b>Test method</b></td>
<td width="30%"><b>Exception</b></td>
<td width="10%"><b>Time (seconds)</b></td>
<td><b>Instance</b></td>
</tr>
<tr>
<td title='testCases.ExpenseCategoryTestCases.addNewExpenseCategory()'><b>addNewExpenseCategory</b><br>Test class: testCases.ExpenseCategoryTestCases</td>
<td></td>
<td>1</td>
<td>testCases.ExpenseCategoryTestCases@2ab4bc72</td></tr>
<tr>
<td title='testCases.ExpenseCategoryTestCases.deleteExpenseCategory()'><b>deleteExpenseCategory</b><br>Test class: testCases.ExpenseCategoryTestCases</td>
<td></td>
<td>1</td>
<td>testCases.ExpenseCategoryTestCases@2ab4bc72</td></tr>
<tr>
<td title='testCases.ExpenseCategoryTestCases.searchExpenseCategory()'><b>searchExpenseCategory</b><br>Test class: testCases.ExpenseCategoryTestCases</td>
<td></td>
<td>1</td>
<td>testCases.ExpenseCategoryTestCases@2ab4bc72</td></tr>
<tr>
<td title='testCases.ManageExpensesTestCases.verifyAddExpenseFieldsPresence()'><b>verifyAddExpenseFieldsPresence</b><br>Test class: testCases.ManageExpensesTestCases</td>
<td></td>
<td>1</td>
<td>testCases.ManageExpensesTestCases@5b799640</td></tr>
<tr>
<td title='testCases.ManageExpensesTestCases.verifyAddNewExpenseRecord()'><b>verifyAddNewExpenseRecord</b><br>Test class: testCases.ManageExpensesTestCases</td>
<td></td>
<td>3</td>
<td>testCases.ManageExpensesTestCases@5b799640</td></tr>
<tr>
<td title='testCases.ManageProductTestCases.verifyAddNewProductPageDefaultCheckboxValuesSelected()'><b>verifyAddNewProductPageDefaultCheckboxValuesSelected</b><br>Test class: testCases.ManageProductTestCases</td>
<td></td>
<td>1</td>
<td>testCases.ManageProductTestCases@710636b0</td></tr>
<tr>
<td title='testCases.ManageProductTestCases.verifyAddNewProductPageDefaultRadioButtonValues()'><b>verifyAddNewProductPageDefaultRadioButtonValues</b><br>Test class: testCases.ManageProductTestCases</td>
<td></td>
<td>1</td>
<td>testCases.ManageProductTestCases@710636b0</td></tr>
<tr>
<td title='testCases.AdminUserTestCases.verifyAdminUserPageTitle()'><b>verifyAdminUserPageTitle</b><br>Test class: testCases.AdminUserTestCases</td>
<td></td>
<td>0</td>
<td>testCases.AdminUserTestCases@6cb107fd</td></tr>
<tr>
<td title='testCases.AdminUserTestCases.verifyAdminUserPageURL()'><b>verifyAdminUserPageURL</b><br>Test class: testCases.AdminUserTestCases</td>
<td></td>
<td>0</td>
<td>testCases.AdminUserTestCases@6cb107fd</td></tr>
<tr>
<td title='testCases.LoginTestCases.verifyCheckBox()'><b>verifyCheckBox</b><br>Test class: testCases.LoginTestCases</td>
<td></td>
<td>0</td>
<td>testCases.LoginTestCases@4201c465</td></tr>
<tr>
<td title='testCases.AdminUserTestCases.verifyCreateNewUser()'><b>verifyCreateNewUser</b><br>Test class: testCases.AdminUserTestCases</td>
<td></td>
<td>1</td>
<td>testCases.AdminUserTestCases@6cb107fd</td></tr>
<tr>
<td title='testCases.ExpenseCategoryTestCases.verifyExpenseCategoryPageIsLoaded()'><b>verifyExpenseCategoryPageIsLoaded</b><br>Test class: testCases.ExpenseCategoryTestCases</td>
<td></td>
<td>0</td>
<td>testCases.ExpenseCategoryTestCases@2ab4bc72</td></tr>
<tr>
<td title='testCases.HomePageTestCases.verifyHomePageTitle()'><b>verifyHomePageTitle</b><br>Test class: testCases.HomePageTestCases</td>
<td></td>
<td>0</td>
<td>testCases.HomePageTestCases@3de8f619</td></tr>
<tr>
<td title='testCases.HomePageTestCases.verifyHomePageURL()'><b>verifyHomePageURL</b><br>Test class: testCases.HomePageTestCases</td>
<td></td>
<td>0</td>
<td>testCases.HomePageTestCases@3de8f619</td></tr>
<tr>
<td title='testCases.LoginTestCases.verifyLoginForInValidUser()'><b>verifyLoginForInValidUser</b><br>Test class: testCases.LoginTestCases</td>
<td></td>
<td>0</td>
<td>testCases.LoginTestCases@4201c465</td></tr>
<tr>
<td title='testCases.LoginTestCases.verifyLoginForInValidUserwithExcelDataProvider()'><b>verifyLoginForInValidUserwithExcelDataProvider</b><br>Test class: testCases.LoginTestCases<br>Parameters: asdf, pppp</td>
<td></td>
<td>0</td>
<td>testCases.LoginTestCases@4201c465</td></tr>
<tr>
<td title='testCases.LoginTestCases.verifyLoginForInValidUserwithExcelDataProvider()'><b>verifyLoginForInValidUserwithExcelDataProvider</b><br>Test class: testCases.LoginTestCases<br>Parameters: neena, neena</td>
<td></td>
<td>0</td>
<td>testCases.LoginTestCases@4201c465</td></tr>
<tr>
<td title='testCases.LoginTestCases.verifyLoginForInValidUserwithExcelDataProvider()'><b>verifyLoginForInValidUserwithExcelDataProvider</b><br>Test class: testCases.LoginTestCases<br>Parameters: hana, hana</td>
<td></td>
<td>0</td>
<td>testCases.LoginTestCases@4201c465</td></tr>
<tr>
<td title='testCases.LoginTestCases.verifyLoginForInValidUserwithExcelDataProvider()'><b>verifyLoginForInValidUserwithExcelDataProvider</b><br>Test class: testCases.LoginTestCases<br>Parameters: $yamala, 12@1234</td>
<td></td>
<td>0</td>
<td>testCases.LoginTestCases@4201c465</td></tr>
<tr>
<td title='testCases.LoginTestCases.verifyLoginForValidUser()'><b>verifyLoginForValidUser</b><br>Test class: testCases.LoginTestCases</td>
<td></td>
<td>0</td>
<td>testCases.LoginTestCases@4201c465</td></tr>
<tr>
<td title='testCases.ManageExpensesTestCases.verifyManageExpensePageLoad()'><b>verifyManageExpensePageLoad</b><br>Test class: testCases.ManageExpensesTestCases</td>
<td></td>
<td>0</td>
<td>testCases.ManageExpensesTestCases@5b799640</td></tr>
<tr>
<td title='testCases.ManageProductTestCases.verifyManageProductPageisLoaded()'><b>verifyManageProductPageisLoaded</b><br>Test class: testCases.ManageProductTestCases</td>
<td></td>
<td>0</td>
<td>testCases.ManageProductTestCases@710636b0</td></tr>
<tr>
<td title='testCases.ManageProductTestCases.verifyManageProductTitle()'><b>verifyManageProductTitle</b><br>Test class: testCases.ManageProductTestCases</td>
<td></td>
<td>0</td>
<td>testCases.ManageProductTestCases@710636b0</td></tr>
<tr>
<td title='testCases.ManageProductTestCases.verifyManageProductURL()'><b>verifyManageProductURL</b><br>Test class: testCases.ManageProductTestCases</td>
<td></td>
<td>0</td>
<td>testCases.ManageProductTestCases@710636b0</td></tr>
<tr>
<td title='testCases.ExpenseCategoryTestCases.verifyNewSearchResetButtonColors()'><b>verifyNewSearchResetButtonColors</b><br>Test class: testCases.ExpenseCategoryTestCases</td>
<td></td>
<td>0</td>
<td>testCases.ExpenseCategoryTestCases@2ab4bc72</td></tr>
<tr>
<td title='testCases.ManageExpensesTestCases.verifyNewSearchResetButtonFontColor()'><b>verifyNewSearchResetButtonFontColor</b><br>Test class: testCases.ManageExpensesTestCases</td>
<td></td>
<td>0</td>
<td>testCases.ManageExpensesTestCases@5b799640</td></tr>
<tr>
<td title='testCases.ManageExpensesTestCases.verifyNewSearchResetButtonFontSize()'><b>verifyNewSearchResetButtonFontSize</b><br>Test class: testCases.ManageExpensesTestCases</td>
<td></td>
<td>0</td>
<td>testCases.ManageExpensesTestCases@5b799640</td></tr>
<tr>
<td title='testCases.ManageProductTestCases.verifyProductSearchPageLoad()'><b>verifyProductSearchPageLoad</b><br>Test class: testCases.ManageProductTestCases</td>
<td></td>
<td>0</td>
<td>testCases.ManageProductTestCases@710636b0</td></tr>
<tr>
<td title='testCases.LoginTestCases.verifySignInButtonColor()'><b>verifySignInButtonColor</b><br>Test class: testCases.LoginTestCases</td>
<td></td>
<td>0</td>
<td>testCases.LoginTestCases@4201c465</td></tr>
<tr>
<td title='testCases.LoginTestCases.verifySignInButtonText()'><b>verifySignInButtonText</b><br>Test class: testCases.LoginTestCases</td>
<td></td>
<td>0</td>
<td>testCases.LoginTestCases@4201c465</td></tr>
<tr>
<td title='testCases.HomePageTestCases.verifyUserLogout()'><b>verifyUserLogout</b><br>Test class: testCases.HomePageTestCases</td>
<td></td>
<td>0</td>
<td>testCases.HomePageTestCases@3de8f619</td></tr>
</table><p>
</body>
</html>