<?xml version="1.0" encoding="UTF-8"?>
<!-- Generated by org.testng.reporters.JUnitXMLReporter -->
<testsuite hostname="DESKTOP-238J8OC" ignored="1" name="Chrometest" tests="33" failures="4" timestamp="09 Nov 2022 13:40:37 GMT" time="332.475" errors="0">
  <testcase name="verifyLoginForInValidUser" time="1.092" classname="testCases.LoginTestCases">
    <failure type="java.io.IOException" message="Truncated ZIP file">
      <![CDATA[java.io.IOException: Truncated ZIP file
at org.apache.commons.compress.archivers.zip.ZipArchiveInputStream.readDeflated(ZipArchiveInputStream.java:560)
at org.apache.commons.compress.archivers.zip.ZipArchiveInputStream.read(ZipArchiveInputStream.java:458)
at java.io.FilterInputStream.read(FilterInputStream.java:133)
at org.apache.poi.openxml4j.util.ZipArchiveThresholdInputStream.read(ZipArchiveThresholdInputStream.java:80)
at org.apache.poi.util.IOUtils.toByteArray(IOUtils.java:182)
at org.apache.poi.util.IOUtils.toByteArray(IOUtils.java:149)
at org.apache.poi.openxml4j.util.ZipArchiveFakeEntry.<init>(ZipArchiveFakeEntry.java:47)
at org.apache.poi.openxml4j.util.ZipInputStreamZipEntrySource.<init>(ZipInputStreamZipEntrySource.java:53)
at org.apache.poi.openxml4j.opc.ZipPackage.<init>(ZipPackage.java:106)
at org.apache.poi.openxml4j.opc.OPCPackage.open(OPCPackage.java:307)
at org.apache.poi.ooxml.util.PackageHelper.open(PackageHelper.java:47)
at org.apache.poi.xssf.usermodel.XSSFWorkbook.<init>(XSSFWorkbook.java:309)
at utilities.ExcelRead.readStringData(ExcelRead.java:28)
at testCases.LoginTestCases.verifyLoginForInValidUser(LoginTestCases.java:51)
at java.util.concurrent.FutureTask.run(FutureTask.java:266)
at java.util.concurrent.ThreadPoolExecutor.runWorker(ThreadPoolExecutor.java:1149)
at java.util.concurrent.ThreadPoolExecutor$Worker.run(ThreadPoolExecutor.java:624)
at java.lang.Thread.run(Thread.java:748)
... Removed 16 stack frames]]>
    </failure>
  </testcase> <!-- verifyLoginForInValidUser -->
  <testcase name="verifyLoginForInValidUserwithExcelDataProvider" time="0.843" classname="testCases.LoginTestCases"/>
  <testcase name="verifyLoginForInValidUserwithExcelDataProvider" time="0.863" classname="testCases.LoginTestCases"/>
  <testcase name="verifyLoginForInValidUserwithExcelDataProvider" time="0.838" classname="testCases.LoginTestCases"/>
  <testcase name="verifyLoginForInValidUserwithExcelDataProvider" time="1.046" classname="testCases.LoginTestCases"/>
  <testcase name="verifySignInButtonColor" time="0.036" classname="testCases.LoginTestCases"/>
  <testcase name="verifySignInButtonText" time="0.06" classname="testCases.LoginTestCases"/>
  <testcase name="verifyCreateMerchantPageIsLoaded" time="7.586" classname="testCases.HomePageTestCases">
    <failure type="org.openqa.selenium.NoSuchElementException" message="no such element: Unable to locate element: {&amp;quot;method&amp;quot;:&amp;quot;xpath&amp;quot;,&amp;quot;selector&amp;quot;:&amp;quot;//h1[text()=&amp;apos;List Expense&amp;apos;]&amp;quot;}
  (Session info: chrome=107.0.5304.88)
For documentation on this error, please visit: https://selenium.dev/exceptions/#no_such_element
Build info: version: &amp;apos;4.4.0&amp;apos;, revision: &amp;apos;e5c75ed026a&amp;apos;
System info: host: &amp;apos;DESKTOP-238J8OC&amp;apos;, ip: &amp;apos;192.168.1.38&amp;apos;, os.name: &amp;apos;Windows 10&amp;apos;, os.arch: &amp;apos;amd64&amp;apos;, os.version: &amp;apos;10.0&amp;apos;, java.version: &amp;apos;1.8.0_281&amp;apos;
Driver info: org.openqa.selenium.chrome.ChromeDriver
Command: [e73c9a9e1d0382dd0cd392e2215e8c0a, findElement {using=xpath, value=//h1[text()=&amp;apos;List Expense&amp;apos;]}]
Capabilities {acceptInsecureCerts: false, browserName: chrome, browserVersion: 107.0.5304.88, chrome: {chromedriverVersion: 107.0.5304.62 (1eec40d3a576..., userDataDir: C:\Users\jinsg\AppData\Loca...}, goog:chromeOptions: {debuggerAddress: localhost:63490}, networkConnectionEnabled: false, pageLoadStrategy: normal, platformName: WINDOWS, proxy: Proxy(), se:cdp: ws://localhost:63490/devtoo..., se:cdpVersion: 107.0.5304.88, setWindowRect: true, strictFileInteractability: false, timeouts: {implicit: 0, pageLoad: 300000, script: 30000}, unhandledPromptBehavior: dismiss and notify, webauthn:extension:credBlob: true, webauthn:extension:largeBlob: true, webauthn:virtualAuthenticators: true}
Session ID: e73c9a9e1d0382dd0cd392e2215e8c0a">
      <![CDATA[org.openqa.selenium.NoSuchElementException: no such element: Unable to locate element: {"method":"xpath","selector":"//h1[text()='List Expense']"}
  (Session info: chrome=107.0.5304.88)
For documentation on this error, please visit: https://selenium.dev/exceptions/#no_such_element
Build info: version: '4.4.0', revision: 'e5c75ed026a'
System info: host: 'DESKTOP-238J8OC', ip: '192.168.1.38', os.name: 'Windows 10', os.arch: 'amd64', os.version: '10.0', java.version: '1.8.0_281'
Driver info: org.openqa.selenium.chrome.ChromeDriver
Command: [e73c9a9e1d0382dd0cd392e2215e8c0a, findElement {using=xpath, value=//h1[text()='List Expense']}]
Capabilities {acceptInsecureCerts: false, browserName: chrome, browserVersion: 107.0.5304.88, chrome: {chromedriverVersion: 107.0.5304.62 (1eec40d3a576..., userDataDir: C:\Users\jinsg\AppData\Loca...}, goog:chromeOptions: {debuggerAddress: localhost:63490}, networkConnectionEnabled: false, pageLoadStrategy: normal, platformName: WINDOWS, proxy: Proxy(), se:cdp: ws://localhost:63490/devtoo..., se:cdpVersion: 107.0.5304.88, setWindowRect: true, strictFileInteractability: false, timeouts: {implicit: 0, pageLoad: 300000, script: 30000}, unhandledPromptBehavior: dismiss and notify, webauthn:extension:credBlob: true, webauthn:extension:largeBlob: true, webauthn:virtualAuthenticators: true}
Session ID: e73c9a9e1d0382dd0cd392e2215e8c0a
at org.openqa.selenium.remote.codec.w3c.W3CHttpResponseCodec.createException(W3CHttpResponseCodec.java:200)
at org.openqa.selenium.remote.codec.w3c.W3CHttpResponseCodec.decode(W3CHttpResponseCodec.java:133)
at org.openqa.selenium.remote.codec.w3c.W3CHttpResponseCodec.decode(W3CHttpResponseCodec.java:53)
at org.openqa.selenium.remote.HttpCommandExecutor.execute(HttpCommandExecutor.java:184)
at org.openqa.selenium.remote.service.DriverCommandExecutor.invokeExecute(DriverCommandExecutor.java:167)
at org.openqa.selenium.remote.service.DriverCommandExecutor.execute(DriverCommandExecutor.java:142)
at org.openqa.selenium.remote.RemoteWebDriver.execute(RemoteWebDriver.java:547)
at org.openqa.selenium.remote.ElementLocation$ElementFinder$2.findElement(ElementLocation.java:162)
at org.openqa.selenium.remote.ElementLocation.findElement(ElementLocation.java:60)
at org.openqa.selenium.remote.RemoteWebDriver.findElement(RemoteWebDriver.java:365)
at org.openqa.selenium.remote.RemoteWebDriver.findElement(RemoteWebDriver.java:357)
at org.openqa.selenium.support.pagefactory.DefaultElementLocator.findElement(DefaultElementLocator.java:70)
at org.openqa.selenium.support.pagefactory.internal.LocatingElementHandler.invoke(LocatingElementHandler.java:39)
at com.sun.proxy.$Proxy16.getText(Unknown Source)
at utilities.GeneralUtilities.getElementText(GeneralUtilities.java:19)
at elementRepository.ManageExpenses.manageExpensesPageLoad(ManageExpenses.java:97)
at testCases.HomePageTestCases.verifyCreateMerchantPageIsLoaded(HomePageTestCases.java:63)
at java.util.concurrent.FutureTask.run(FutureTask.java:266)
at java.util.concurrent.ThreadPoolExecutor.runWorker(ThreadPoolExecutor.java:1149)
at java.util.concurrent.ThreadPoolExecutor$Worker.run(ThreadPoolExecutor.java:624)
at java.lang.Thread.run(Thread.java:748)
... Removed 20 stack frames]]>
    </failure>
  </testcase> <!-- verifyCreateMerchantPageIsLoaded -->
  <testcase name="verifyHomePageTitle" time="1.472" classname="testCases.HomePageTestCases"/>
  <testcase name="verifyHomePageURL" time="1.552" classname="testCases.HomePageTestCases"/>
  <testcase name="verifyNavigationBarCollapse" time="0.858" classname="testCases.HomePageTestCases"/>
  <testcase name="verifyUserLogout" time="2.882" classname="testCases.HomePageTestCases"/>
  <testcase name="EditExpenseCategory" time="3.713" classname="testCases.ExpenseCategoryTestCases"/>
  <testcase name="addNewExpenseCategory" time="3.1" classname="testCases.ExpenseCategoryTestCases"/>
  <testcase name="deleteExpenseCategory" time="3.311" classname="testCases.ExpenseCategoryTestCases">
    <failure type="java.lang.IllegalArgumentException" message="Cannot find elements when the XPath is null.">
      <![CDATA[java.lang.IllegalArgumentException: Cannot find elements when the XPath is null.
at org.openqa.selenium.internal.Require$ArgumentChecker.nonNull(Require.java:204)
at org.openqa.selenium.By$ByXPath.<init>(By.java:287)
at org.openqa.selenium.By.xpath(By.java:89)
at elementRepository.ExpenseCategory.deleteItem(ExpenseCategory.java:183)
at testCases.ExpenseCategoryTestCases.deleteExpenseCategory(ExpenseCategoryTestCases.java:69)
at java.util.concurrent.FutureTask.run(FutureTask.java:266)
at java.util.concurrent.ThreadPoolExecutor.runWorker(ThreadPoolExecutor.java:1149)
at java.util.concurrent.ThreadPoolExecutor$Worker.run(ThreadPoolExecutor.java:624)
at java.lang.Thread.run(Thread.java:748)
... Removed 16 stack frames]]>
    </failure>
  </testcase> <!-- deleteExpenseCategory -->
  <testcase name="searchExpenseCategory" time="2.64" classname="testCases.ExpenseCategoryTestCases">
    <failure type="java.lang.AssertionError" message="::Search not working expected [orange] but found [.........RESULT NOT FOUND.......]">
      <![CDATA[java.lang.AssertionError: ::Search not working expected [orange] but found [.........RESULT NOT FOUND.......]
at testCases.ExpenseCategoryTestCases.searchExpenseCategory(ExpenseCategoryTestCases.java:59)
at java.util.concurrent.FutureTask.run(FutureTask.java:266)
at java.util.concurrent.ThreadPoolExecutor.runWorker(ThreadPoolExecutor.java:1149)
at java.util.concurrent.ThreadPoolExecutor$Worker.run(ThreadPoolExecutor.java:624)
at java.lang.Thread.run(Thread.java:748)
... Removed 21 stack frames]]>
    </failure>
  </testcase> <!-- searchExpenseCategory -->
  <testcase name="verifyNewSearchResetButtonColors" time="2.531" classname="testCases.ExpenseCategoryTestCases"/>
  <testcase name="verifyAddExpenseFields" time="3.263" classname="testCases.ManageExpensesTestCases"/>
  <testcase name="verifyAddNewExpenseRecord" time="6.839" classname="testCases.ManageExpensesTestCases"/>
  <testcase name="verifyManageExpensePageLoad" time="2.211" classname="testCases.ManageExpensesTestCases"/>
  <testcase name="verifyNewSearchResetButtonFontColor" time="2.577" classname="testCases.ManageExpensesTestCases"/>
  <testcase name="verifyNewSearchResetButtonFontSize" time="2.791" classname="testCases.ManageExpensesTestCases"/>
  <testcase name="verifyAddNewProductPageDefaultCheckboxValues" time="3.647" classname="testCases.ManageProductTestCases"/>
  <testcase name="verifyAddNewProductPageDefaultRadioButtonValues" time="3.648" classname="testCases.ManageProductTestCases"/>
  <testcase name="verifyManageProductPageisLoaded" time="2.435" classname="testCases.ManageProductTestCases"/>
  <testcase name="verifyManageProductTitle" time="2.518" classname="testCases.ManageProductTestCases"/>
  <testcase name="verifyManageProductURL" time="2.502" classname="testCases.ManageProductTestCases"/>
  <testcase name="verifyProductSearch" time="2.566" classname="testCases.ManageProductTestCases"/>
  <testcase name="verifyAdminUserPageTitle" time="1.172" classname="testCases.AdminUserTestCases"/>
  <testcase name="verifyAdminUserPageURL" time="2.122" classname="testCases.AdminUserTestCases"/>
  <testcase name="verifyCreateNewUser" time="2.731" classname="testCases.AdminUserTestCases"/>
  <testcase name="verifyLoginForValidUser" time="1.564" classname="testCases.LoginTestCases"/>
  <testcase name="verifyExpenseCategoryPageIsLoaded" time="2.269" classname="testCases.ExpenseCategoryTestCases"/>
  <testcase name="verifyAddNewProductPageCancel" time="0.0" classname="testCases.ManageProductTestCases">
    <ignored/>
  </testcase> <!-- verifyAddNewProductPageCancel -->
</testsuite> <!-- Chrometest -->
