<html>
<head>
<title>TestNG:  EdgeTest</title>
<link href="../testng.css" rel="stylesheet" type="text/css" />
<link href="../my-testng.css" rel="stylesheet" type="text/css" />

<style type="text/css">
.log { display: none;} 
.stack-trace { display: none;} 
</style>
<script type="text/javascript">
<!--
function flip(e) {
  current = e.style.display;
  if (current == 'block') {
    e.style.display = 'none';
    return 0;
  }
  else {
    e.style.display = 'block';
    return 1;
  }
}

function toggleBox(szDivId, elem, msg1, msg2)
{
  var res = -1;  if (document.getElementById) {
    res = flip(document.getElementById(szDivId));
  }
  else if (document.all) {
    // this is the way old msie versions work
    res = flip(document.all[szDivId]);
  }
  if(elem) {
    if(res == 0) elem.innerHTML = msg1; else elem.innerHTML = msg2;
  }

}

function toggleAllBoxes() {
  if (document.getElementsByTagName) {
    d = document.getElementsByTagName('div');
    for (i = 0; i < d.length; i++) {
      if (d[i].className == 'log') {
        flip(d[i]);
      }
    }
  }
}

// -->
</script>

</head>
<body>
<h2 align='center'>EdgeTest</h2><table border='1' align="center">
<tr>
<td>Tests passed/Failed/Skipped:</td><td>28/5/0</td>
</tr><tr>
<td>Started on:</td><td>Wed Nov 09 19:05:04 IST 2022</td>
</tr>
<tr><td>Total time:</td><td>249 seconds (249435 ms)</td>
</tr><tr>
<td>Included groups:</td><td></td>
</tr><tr>
<td>Excluded groups:</td><td></td>
</tr>
</table><p/>
<small><i>(Hover the method name to see the test class name)</i></small><p/>
<table width='100%' border='1' class='invocation-failed'>
<tr><td colspan='4' align='center'><b>FAILED TESTS</b></td></tr>
<tr><td><b>Test method</b></td>
<td width="30%"><b>Exception</b></td>
<td width="10%"><b>Time (seconds)</b></td>
<td><b>Instance</b></td>
</tr>
<tr>
<td title='testCases.ExpenseCategoryTestCases.deleteExpenseCategory()'><b>deleteExpenseCategory</b><br>Test class: testCases.ExpenseCategoryTestCases</td>
<td><div><pre>java.lang.IllegalArgumentException: Cannot find elements when the XPath is null.
	at org.openqa.selenium.internal.Require$ArgumentChecker.nonNull(Require.java:204)
	at org.openqa.selenium.By$ByXPath.&lt;init&gt;(By.java:287)
	at org.openqa.selenium.By.xpath(By.java:89)
	at elementRepository.ExpenseCategory.deleteItem(ExpenseCategory.java:183)
	at testCases.ExpenseCategoryTestCases.deleteExpenseCategory(ExpenseCategoryTestCases.java:69)
	at java.util.concurrent.FutureTask.run(FutureTask.java:266)
	at java.util.concurrent.ThreadPoolExecutor.runWorker(ThreadPoolExecutor.java:1149)
	at java.util.concurrent.ThreadPoolExecutor$Worker.run(ThreadPoolExecutor.java:624)
	at java.lang.Thread.run(Thread.java:748)
... Removed 16 stack frames</pre></div><a href='#' onClick='toggleBox("stack-trace600426911", this, "Click to show all stack frames", "Click to hide stack frames")'>Click to show all stack frames</a>
<div class='stack-trace' id='stack-trace600426911'><pre>java.lang.IllegalArgumentException: Cannot find elements when the XPath is null.
	at org.openqa.selenium.internal.Require$ArgumentChecker.nonNull(Require.java:204)
	at org.openqa.selenium.By$ByXPath.&lt;init&gt;(By.java:287)
	at org.openqa.selenium.By.xpath(By.java:89)
	at elementRepository.ExpenseCategory.deleteItem(ExpenseCategory.java:183)
	at testCases.ExpenseCategoryTestCases.deleteExpenseCategory(ExpenseCategoryTestCases.java:69)
	at sun.reflect.NativeMethodAccessorImpl.invoke0(Native Method)
	at sun.reflect.NativeMethodAccessorImpl.invoke(NativeMethodAccessorImpl.java:62)
	at sun.reflect.DelegatingMethodAccessorImpl.invoke(DelegatingMethodAccessorImpl.java:43)
	at java.lang.reflect.Method.invoke(Method.java:498)
	at org.testng.internal.MethodInvocationHelper.invokeMethod(MethodInvocationHelper.java:124)
	at org.testng.internal.Invoker.invokeMethod(Invoker.java:583)
	at org.testng.internal.Invoker.invokeTestMethod(Invoker.java:719)
	at org.testng.internal.Invoker.invokeTestMethods(Invoker.java:989)
	at org.testng.internal.TestMethodWorker.invokeTestMethods(TestMethodWorker.java:125)
	at org.testng.internal.TestMethodWorker.run(TestMethodWorker.java:109)
	at org.testng.TestRunner.privateRun(TestRunner.java:648)
	at org.testng.TestRunner.run(TestRunner.java:505)
	at org.testng.SuiteRunner.runTest(SuiteRunner.java:455)
	at org.testng.SuiteRunner.access$000(SuiteRunner.java:40)
	at org.testng.SuiteRunner$SuiteWorker.run(SuiteRunner.java:489)
	at org.testng.internal.thread.ThreadUtil$1.call(ThreadUtil.java:52)
	at java.util.concurrent.FutureTask.run(FutureTask.java:266)
	at java.util.concurrent.ThreadPoolExecutor.runWorker(ThreadPoolExecutor.java:1149)
	at java.util.concurrent.ThreadPoolExecutor$Worker.run(ThreadPoolExecutor.java:624)
	at java.lang.Thread.run(Thread.java:748)
</pre></div></td>
<td>3</td>
<td>testCases.ExpenseCategoryTestCases@77cd7a0</td></tr>
<tr>
<td title='testCases.ExpenseCategoryTestCases.searchExpenseCategory()'><b>searchExpenseCategory</b><br>Test class: testCases.ExpenseCategoryTestCases</td>
<td><div><pre>java.lang.AssertionError: ::Search not working expected [orange] but found [.........RESULT NOT FOUND.......]
	at testCases.ExpenseCategoryTestCases.searchExpenseCategory(ExpenseCategoryTestCases.java:59)
	at java.util.concurrent.FutureTask.run(FutureTask.java:266)
	at java.util.concurrent.ThreadPoolExecutor.runWorker(ThreadPoolExecutor.java:1149)
	at java.util.concurrent.ThreadPoolExecutor$Worker.run(ThreadPoolExecutor.java:624)
	at java.lang.Thread.run(Thread.java:748)
... Removed 21 stack frames</pre></div><a href='#' onClick='toggleBox("stack-trace120571187", this, "Click to show all stack frames", "Click to hide stack frames")'>Click to show all stack frames</a>
<div class='stack-trace' id='stack-trace120571187'><pre>java.lang.AssertionError: ::Search not working expected [orange] but found [.........RESULT NOT FOUND.......]
	at org.testng.Assert.fail(Assert.java:96)
	at org.testng.Assert.failNotEquals(Assert.java:776)
	at org.testng.Assert.assertEqualsImpl(Assert.java:137)
	at org.testng.Assert.assertEquals(Assert.java:118)
	at org.testng.Assert.assertEquals(Assert.java:453)
	at testCases.ExpenseCategoryTestCases.searchExpenseCategory(ExpenseCategoryTestCases.java:59)
	at sun.reflect.NativeMethodAccessorImpl.invoke0(Native Method)
	at sun.reflect.NativeMethodAccessorImpl.invoke(NativeMethodAccessorImpl.java:62)
	at sun.reflect.DelegatingMethodAccessorImpl.invoke(DelegatingMethodAccessorImpl.java:43)
	at java.lang.reflect.Method.invoke(Method.java:498)
	at org.testng.internal.MethodInvocationHelper.invokeMethod(MethodInvocationHelper.java:124)
	at org.testng.internal.Invoker.invokeMethod(Invoker.java:583)
	at org.testng.internal.Invoker.invokeTestMethod(Invoker.java:719)
	at org.testng.internal.Invoker.invokeTestMethods(Invoker.java:989)
	at org.testng.internal.TestMethodWorker.invokeTestMethods(TestMethodWorker.java:125)
	at org.testng.internal.TestMethodWorker.run(TestMethodWorker.java:109)
	at org.testng.TestRunner.privateRun(TestRunner.java:648)
	at org.testng.TestRunner.run(TestRunner.java:505)
	at org.testng.SuiteRunner.runTest(SuiteRunner.java:455)
	at org.testng.SuiteRunner.access$000(SuiteRunner.java:40)
	at org.testng.SuiteRunner$SuiteWorker.run(SuiteRunner.java:489)
	at org.testng.internal.thread.ThreadUtil$1.call(ThreadUtil.java:52)
	at java.util.concurrent.FutureTask.run(FutureTask.java:266)
	at java.util.concurrent.ThreadPoolExecutor.runWorker(ThreadPoolExecutor.java:1149)
	at java.util.concurrent.ThreadPoolExecutor$Worker.run(ThreadPoolExecutor.java:624)
	at java.lang.Thread.run(Thread.java:748)
</pre></div></td>
<td>1</td>
<td>testCases.ExpenseCategoryTestCases@77cd7a0</td></tr>
<tr>
<td title='testCases.HomePageTestCases.verifyCreateMerchantPageIsLoaded()'><b>verifyCreateMerchantPageIsLoaded</b><br>Test class: testCases.HomePageTestCases</td>
<td><div><pre>org.openqa.selenium.NoSuchElementException: no such element: Unable to locate element: {&quot;method&quot;:&quot;xpath&quot;,&quot;selector&quot;:&quot;//h1[text()=&apos;List Expense&apos;]&quot;}
  (Session info: MicrosoftEdge=107.0.1418.35)
For documentation on this error, please visit: https://selenium.dev/exceptions/#no_such_element
Build info: version: &apos;4.4.0&apos;, revision: &apos;e5c75ed026a&apos;
System info: host: &apos;DESKTOP-238J8OC&apos;, ip: &apos;192.168.1.38&apos;, os.name: &apos;Windows 10&apos;, os.arch: &apos;amd64&apos;, os.version: &apos;10.0&apos;, java.version: &apos;1.8.0_281&apos;
Driver info: org.openqa.selenium.edge.EdgeDriver
Command: [0419e0c457f71798a63d2997b0dd0bb1, findElement {using=xpath, value=//h1[text()=&apos;List Expense&apos;]}]
Capabilities {acceptInsecureCerts: false, browserName: msedge, browserVersion: 107.0.1418.35, ms:edgeOptions: {debuggerAddress: localhost:63203}, msedge: {msedgedriverVersion: 107.0.1418.35 (806ca5c53c4f..., userDataDir: C:\Users\jinsg\AppData\Loca...}, networkConnectionEnabled: false, pageLoadStrategy: normal, platformName: WINDOWS, proxy: Proxy(), se:cdp: ws://localhost:63203/devtoo..., se:cdpVersion: 107.0.1418.35, setWindowRect: true, strictFileInteractability: false, timeouts: {implicit: 0, pageLoad: 300000, script: 30000}, unhandledPromptBehavior: dismiss and notify, webauthn:extension:credBlob: true, webauthn:extension:largeBlob: true, webauthn:virtualAuthenticators: true}
Session ID: 0419e0c457f71798a63d2997b0dd0bb1
	at org.openqa.selenium.remote.codec.w3c.W3CHttpResponseCodec.createException(W3CHttpResponseCodec.java:200)
	at org.openqa.selenium.remote.codec.w3c.W3CHttpResponseCodec.decode(W3CHttpResponseCodec.java:133)
	at org.openqa.selenium.remote.codec.w3c.W3CHttpResponseCodec.decode(W3CHttpResponseCodec.java:53)
	at org.openqa.selenium.remote.HttpCommandExecutor.execute(HttpCommandExecutor.java:184)
	at org.openqa.selenium.remote.service.DriverCommandExecutor.invokeExecute(DriverCommandExecutor.java:167)
	at org.openqa.selenium.remote.service.DriverCommandExecutor.execute(DriverCommandExecutor.java:142)
	at org.openqa.selenium.remote.RemoteWebDriver.execute(RemoteWebDriver.java:547)
	at org.openqa.selenium.remote.ElementLocation$ElementFinder$2.findElement(ElementLocation.java:162)
	at org.openqa.selenium.remote.ElementLocation.findElement(ElementLocation.java:60)
	at org.openqa.selenium.remote.RemoteWebDriver.findElement(RemoteWebDriver.java:365)
	at org.openqa.selenium.remote.RemoteWebDriver.findElement(RemoteWebDriver.java:357)
	at org.openqa.selenium.support.pagefactory.DefaultElementLocator.findElement(DefaultElementLocator.java:70)
	at org.openqa.selenium.support.pagefactory.internal.LocatingElementHandler.invoke(LocatingElementHandler.java:39)
	at com.sun.proxy.$Proxy16.getText(Unknown Source)
	at utilities.GeneralUtilities.getElementText(GeneralUtilities.java:19)
	at elementRepository.ManageExpenses.manageExpensesPageLoad(ManageExpenses.java:97)
	at testCases.HomePageTestCases.verifyCreateMerchantPageIsLoaded(HomePageTestCases.java:63)
	at java.util.concurrent.FutureTask.run(FutureTask.java:266)
	at java.util.concurrent.ThreadPoolExecutor.runWorker(ThreadPoolExecutor.java:1149)
	at java.util.concurrent.ThreadPoolExecutor$Worker.run(ThreadPoolExecutor.java:624)
	at java.lang.Thread.run(Thread.java:748)
... Removed 20 stack frames</pre></div><a href='#' onClick='toggleBox("stack-trace1644640909", this, "Click to show all stack frames", "Click to hide stack frames")'>Click to show all stack frames</a>
<div class='stack-trace' id='stack-trace1644640909'><pre>org.openqa.selenium.NoSuchElementException: no such element: Unable to locate element: {&quot;method&quot;:&quot;xpath&quot;,&quot;selector&quot;:&quot;//h1[text()=&apos;List Expense&apos;]&quot;}
  (Session info: MicrosoftEdge=107.0.1418.35)
For documentation on this error, please visit: https://selenium.dev/exceptions/#no_such_element
Build info: version: &apos;4.4.0&apos;, revision: &apos;e5c75ed026a&apos;
System info: host: &apos;DESKTOP-238J8OC&apos;, ip: &apos;192.168.1.38&apos;, os.name: &apos;Windows 10&apos;, os.arch: &apos;amd64&apos;, os.version: &apos;10.0&apos;, java.version: &apos;1.8.0_281&apos;
Driver info: org.openqa.selenium.edge.EdgeDriver
Command: [0419e0c457f71798a63d2997b0dd0bb1, findElement {using=xpath, value=//h1[text()=&apos;List Expense&apos;]}]
Capabilities {acceptInsecureCerts: false, browserName: msedge, browserVersion: 107.0.1418.35, ms:edgeOptions: {debuggerAddress: localhost:63203}, msedge: {msedgedriverVersion: 107.0.1418.35 (806ca5c53c4f..., userDataDir: C:\Users\jinsg\AppData\Loca...}, networkConnectionEnabled: false, pageLoadStrategy: normal, platformName: WINDOWS, proxy: Proxy(), se:cdp: ws://localhost:63203/devtoo..., se:cdpVersion: 107.0.1418.35, setWindowRect: true, strictFileInteractability: false, timeouts: {implicit: 0, pageLoad: 300000, script: 30000}, unhandledPromptBehavior: dismiss and notify, webauthn:extension:credBlob: true, webauthn:extension:largeBlob: true, webauthn:virtualAuthenticators: true}
Session ID: 0419e0c457f71798a63d2997b0dd0bb1
	at sun.reflect.NativeConstructorAccessorImpl.newInstance0(Native Method)
	at sun.reflect.NativeConstructorAccessorImpl.newInstance(NativeConstructorAccessorImpl.java:62)
	at sun.reflect.DelegatingConstructorAccessorImpl.newInstance(DelegatingConstructorAccessorImpl.java:45)
	at java.lang.reflect.Constructor.newInstance(Constructor.java:423)
	at org.openqa.selenium.remote.codec.w3c.W3CHttpResponseCodec.createException(W3CHttpResponseCodec.java:200)
	at org.openqa.selenium.remote.codec.w3c.W3CHttpResponseCodec.decode(W3CHttpResponseCodec.java:133)
	at org.openqa.selenium.remote.codec.w3c.W3CHttpResponseCodec.decode(W3CHttpResponseCodec.java:53)
	at org.openqa.selenium.remote.HttpCommandExecutor.execute(HttpCommandExecutor.java:184)
	at org.openqa.selenium.remote.service.DriverCommandExecutor.invokeExecute(DriverCommandExecutor.java:167)
	at org.openqa.selenium.remote.service.DriverCommandExecutor.execute(DriverCommandExecutor.java:142)
	at org.openqa.selenium.remote.RemoteWebDriver.execute(RemoteWebDriver.java:547)
	at org.openqa.selenium.remote.ElementLocation$ElementFinder$2.findElement(ElementLocation.java:162)
	at org.openqa.selenium.remote.ElementLocation.findElement(ElementLocation.java:60)
	at org.openqa.selenium.remote.RemoteWebDriver.findElement(RemoteWebDriver.java:365)
	at org.openqa.selenium.remote.RemoteWebDriver.findElement(RemoteWebDriver.java:357)
	at org.openqa.selenium.support.pagefactory.DefaultElementLocator.findElement(DefaultElementLocator.java:70)
	at org.openqa.selenium.support.pagefactory.internal.LocatingElementHandler.invoke(LocatingElementHandler.java:39)
	at com.sun.proxy.$Proxy16.getText(Unknown Source)
	at utilities.GeneralUtilities.getElementText(GeneralUtilities.java:19)
	at elementRepository.ManageExpenses.manageExpensesPageLoad(ManageExpenses.java:97)
	at testCases.HomePageTestCases.verifyCreateMerchantPageIsLoaded(HomePageTestCases.java:63)
	at sun.reflect.NativeMethodAccessorImpl.invoke0(Native Method)
	at sun.reflect.NativeMethodAccessorImpl.invoke(NativeMethodAccessorImpl.java:62)
	at sun.reflect.DelegatingMethodAccessorImpl.invoke(DelegatingMethodAccessorImpl.java:43)
	at java.lang.reflect.Method.invoke(Method.java:498)
	at org.testng.internal.MethodInvocationHelper.invokeMethod(MethodInvocationHelper.java:124)
	at org.testng.internal.Invoker.invokeMethod(Invoker.java:583)
	at org.testng.internal.Invoker.invokeTestMethod(Invoker.java:719)
	at org.testng.internal.Invoker.invokeTestMethods(Invoker.java:989)
	at org.testng.internal.TestMethodWorker.invokeTestMethods(TestMethodWorker.java:125)
	at org.testng.internal.TestMethodWorker.run(TestMethodWorker.java:109)
	at org.testng.TestRunner.privateRun(TestRunner.java:648)
	at org.testng.TestRunner.run(TestRunner.java:505)
	at org.testng.SuiteRunner.runTest(SuiteRunner.java:455)
	at org.testng.SuiteRunner.access$000(SuiteRunner.java:40)
	at org.testng.SuiteRunner$SuiteWorker.run(SuiteRunner.java:489)
	at org.testng.internal.thread.ThreadUtil$1.call(ThreadUtil.java:52)
	at java.util.concurrent.FutureTask.run(FutureTask.java:266)
	at java.util.concurrent.ThreadPoolExecutor.runWorker(ThreadPoolExecutor.java:1149)
	at java.util.concurrent.ThreadPoolExecutor$Worker.run(ThreadPoolExecutor.java:624)
	at java.lang.Thread.run(Thread.java:748)
</pre></div></td>
<td>7</td>
<td>testCases.HomePageTestCases@4667ae56</td></tr>
<tr>
<td title='testCases.LoginTestCases.verifyLoginForInValidUser()'><b>verifyLoginForInValidUser</b><br>Test class: testCases.LoginTestCases</td>
<td><div><pre>org.apache.poi.openxml4j.exceptions.NotOfficeXmlFileException: No valid entries or contents found, this is not a valid OOXML (Office Open XML) file
	at org.apache.poi.openxml4j.util.ZipArchiveThresholdInputStream.getNextEntry(ZipArchiveThresholdInputStream.java:145)
	at org.apache.poi.openxml4j.util.ZipInputStreamZipEntrySource.&lt;init&gt;(ZipInputStreamZipEntrySource.java:49)
	at org.apache.poi.openxml4j.opc.ZipPackage.&lt;init&gt;(ZipPackage.java:106)
	at org.apache.poi.openxml4j.opc.OPCPackage.open(OPCPackage.java:307)
	at org.apache.poi.ooxml.util.PackageHelper.open(PackageHelper.java:47)
	at org.apache.poi.xssf.usermodel.XSSFWorkbook.&lt;init&gt;(XSSFWorkbook.java:309)
	at utilities.ExcelRead.readStringData(ExcelRead.java:28)
	at testCases.LoginTestCases.verifyLoginForInValidUser(LoginTestCases.java:51)
	at java.util.concurrent.FutureTask.run(FutureTask.java:266)
	at java.util.concurrent.ThreadPoolExecutor.runWorker(ThreadPoolExecutor.java:1149)
	at java.util.concurrent.ThreadPoolExecutor$Worker.run(ThreadPoolExecutor.java:624)
	at java.lang.Thread.run(Thread.java:748)
Caused by: java.util.zip.ZipException: Unexpected record signature: 0XA3B25F60
	at org.apache.commons.compress.archivers.zip.ZipArchiveInputStream.getNextZipEntry(ZipArchiveInputStream.java:260)
	at org.apache.poi.openxml4j.util.ZipArchiveThresholdInputStream.getNextEntry(ZipArchiveThresholdInputStream.java:141)
	... 27 more
... Removed 16 stack frames</pre></div><a href='#' onClick='toggleBox("stack-trace1326173032", this, "Click to show all stack frames", "Click to hide stack frames")'>Click to show all stack frames</a>
<div class='stack-trace' id='stack-trace1326173032'><pre>org.apache.poi.openxml4j.exceptions.NotOfficeXmlFileException: No valid entries or contents found, this is not a valid OOXML (Office Open XML) file
	at org.apache.poi.openxml4j.util.ZipArchiveThresholdInputStream.getNextEntry(ZipArchiveThresholdInputStream.java:145)
	at org.apache.poi.openxml4j.util.ZipInputStreamZipEntrySource.&lt;init&gt;(ZipInputStreamZipEntrySource.java:49)
	at org.apache.poi.openxml4j.opc.ZipPackage.&lt;init&gt;(ZipPackage.java:106)
	at org.apache.poi.openxml4j.opc.OPCPackage.open(OPCPackage.java:307)
	at org.apache.poi.ooxml.util.PackageHelper.open(PackageHelper.java:47)
	at org.apache.poi.xssf.usermodel.XSSFWorkbook.&lt;init&gt;(XSSFWorkbook.java:309)
	at utilities.ExcelRead.readStringData(ExcelRead.java:28)
	at testCases.LoginTestCases.verifyLoginForInValidUser(LoginTestCases.java:51)
	at sun.reflect.NativeMethodAccessorImpl.invoke0(Native Method)
	at sun.reflect.NativeMethodAccessorImpl.invoke(NativeMethodAccessorImpl.java:62)
	at sun.reflect.DelegatingMethodAccessorImpl.invoke(DelegatingMethodAccessorImpl.java:43)
	at java.lang.reflect.Method.invoke(Method.java:498)
	at org.testng.internal.MethodInvocationHelper.invokeMethod(MethodInvocationHelper.java:124)
	at org.testng.internal.Invoker.invokeMethod(Invoker.java:583)
	at org.testng.internal.Invoker.invokeTestMethod(Invoker.java:719)
	at org.testng.internal.Invoker.invokeTestMethods(Invoker.java:989)
	at org.testng.internal.TestMethodWorker.invokeTestMethods(TestMethodWorker.java:125)
	at org.testng.internal.TestMethodWorker.run(TestMethodWorker.java:109)
	at org.testng.TestRunner.privateRun(TestRunner.java:648)
	at org.testng.TestRunner.run(TestRunner.java:505)
	at org.testng.SuiteRunner.runTest(SuiteRunner.java:455)
	at org.testng.SuiteRunner.access$000(SuiteRunner.java:40)
	at org.testng.SuiteRunner$SuiteWorker.run(SuiteRunner.java:489)
	at org.testng.internal.thread.ThreadUtil$1.call(ThreadUtil.java:52)
	at java.util.concurrent.FutureTask.run(FutureTask.java:266)
	at java.util.concurrent.ThreadPoolExecutor.runWorker(ThreadPoolExecutor.java:1149)
	at java.util.concurrent.ThreadPoolExecutor$Worker.run(ThreadPoolExecutor.java:624)
	at java.lang.Thread.run(Thread.java:748)
Caused by: java.util.zip.ZipException: Unexpected record signature: 0XA3B25F60
	at org.apache.commons.compress.archivers.zip.ZipArchiveInputStream.getNextZipEntry(ZipArchiveInputStream.java:260)
	at org.apache.poi.openxml4j.util.ZipArchiveThresholdInputStream.getNextEntry(ZipArchiveThresholdInputStream.java:141)
	... 27 more
</pre></div></td>
<td>0</td>
<td>testCases.LoginTestCases@1a968a59</td></tr>
<tr>
<td title='testCases.ManageProductTestCases.verifyManageProductPageisLoaded()'><b>verifyManageProductPageisLoaded</b><br>Test class: testCases.ManageProductTestCases</td>
<td><div><pre>org.openqa.selenium.NoSuchElementException: no such element: Unable to locate element: {&quot;method&quot;:&quot;xpath&quot;,&quot;selector&quot;:&quot;//a[@class=&apos; nav-link&apos;]//p[text()=&apos;Manage Product&apos;]&quot;}
  (Session info: MicrosoftEdge=107.0.1418.35)
For documentation on this error, please visit: https://selenium.dev/exceptions/#no_such_element
Build info: version: &apos;4.4.0&apos;, revision: &apos;e5c75ed026a&apos;
System info: host: &apos;DESKTOP-238J8OC&apos;, ip: &apos;192.168.1.38&apos;, os.name: &apos;Windows 10&apos;, os.arch: &apos;amd64&apos;, os.version: &apos;10.0&apos;, java.version: &apos;1.8.0_281&apos;
Driver info: org.openqa.selenium.edge.EdgeDriver
Command: [6bace6011e480d5da616eff57bc059bb, findElement {using=xpath, value=//a[@class=&apos; nav-link&apos;]//p[text()=&apos;Manage Product&apos;]}]
Capabilities {acceptInsecureCerts: false, browserName: msedge, browserVersion: 107.0.1418.35, ms:edgeOptions: {debuggerAddress: localhost:64705}, msedge: {msedgedriverVersion: 107.0.1418.35 (806ca5c53c4f..., userDataDir: C:\Users\jinsg\AppData\Loca...}, networkConnectionEnabled: false, pageLoadStrategy: normal, platformName: WINDOWS, proxy: Proxy(), se:cdp: ws://localhost:64705/devtoo..., se:cdpVersion: 107.0.1418.35, setWindowRect: true, strictFileInteractability: false, timeouts: {implicit: 0, pageLoad: 300000, script: 30000}, unhandledPromptBehavior: dismiss and notify, webauthn:extension:credBlob: true, webauthn:extension:largeBlob: true, webauthn:virtualAuthenticators: true}
Session ID: 6bace6011e480d5da616eff57bc059bb
	at org.openqa.selenium.remote.codec.w3c.W3CHttpResponseCodec.createException(W3CHttpResponseCodec.java:200)
	at org.openqa.selenium.remote.codec.w3c.W3CHttpResponseCodec.decode(W3CHttpResponseCodec.java:133)
	at org.openqa.selenium.remote.codec.w3c.W3CHttpResponseCodec.decode(W3CHttpResponseCodec.java:53)
	at org.openqa.selenium.remote.HttpCommandExecutor.execute(HttpCommandExecutor.java:184)
	at org.openqa.selenium.remote.service.DriverCommandExecutor.invokeExecute(DriverCommandExecutor.java:167)
	at org.openqa.selenium.remote.service.DriverCommandExecutor.execute(DriverCommandExecutor.java:142)
	at org.openqa.selenium.remote.RemoteWebDriver.execute(RemoteWebDriver.java:547)
	at org.openqa.selenium.remote.ElementLocation$ElementFinder$2.findElement(ElementLocation.java:162)
	at org.openqa.selenium.remote.ElementLocation.findElement(ElementLocation.java:60)
	at org.openqa.selenium.remote.RemoteWebDriver.findElement(RemoteWebDriver.java:365)
	at org.openqa.selenium.remote.RemoteWebDriver.findElement(RemoteWebDriver.java:357)
	at org.openqa.selenium.support.pagefactory.DefaultElementLocator.findElement(DefaultElementLocator.java:70)
	at org.openqa.selenium.support.pagefactory.internal.LocatingElementHandler.invoke(LocatingElementHandler.java:39)
	at com.sun.proxy.$Proxy16.click(Unknown Source)
	at utilities.GeneralUtilities.buttonClick(GeneralUtilities.java:29)
	at elementRepository.ManageProduct.loadManageProductPage(ManageProduct.java:61)
	at testCases.ManageProductTestCases.verifyManageProductPageisLoaded(ManageProductTestCases.java:46)
	at java.util.concurrent.FutureTask.run(FutureTask.java:266)
	at java.util.concurrent.ThreadPoolExecutor.runWorker(ThreadPoolExecutor.java:1149)
	at java.util.concurrent.ThreadPoolExecutor$Worker.run(ThreadPoolExecutor.java:624)
	at java.lang.Thread.run(Thread.java:748)
... Removed 20 stack frames</pre></div><a href='#' onClick='toggleBox("stack-trace1384719915", this, "Click to show all stack frames", "Click to hide stack frames")'>Click to show all stack frames</a>
<div class='stack-trace' id='stack-trace1384719915'><pre>org.openqa.selenium.NoSuchElementException: no such element: Unable to locate element: {&quot;method&quot;:&quot;xpath&quot;,&quot;selector&quot;:&quot;//a[@class=&apos; nav-link&apos;]//p[text()=&apos;Manage Product&apos;]&quot;}
  (Session info: MicrosoftEdge=107.0.1418.35)
For documentation on this error, please visit: https://selenium.dev/exceptions/#no_such_element
Build info: version: &apos;4.4.0&apos;, revision: &apos;e5c75ed026a&apos;
System info: host: &apos;DESKTOP-238J8OC&apos;, ip: &apos;192.168.1.38&apos;, os.name: &apos;Windows 10&apos;, os.arch: &apos;amd64&apos;, os.version: &apos;10.0&apos;, java.version: &apos;1.8.0_281&apos;
Driver info: org.openqa.selenium.edge.EdgeDriver
Command: [6bace6011e480d5da616eff57bc059bb, findElement {using=xpath, value=//a[@class=&apos; nav-link&apos;]//p[text()=&apos;Manage Product&apos;]}]
Capabilities {acceptInsecureCerts: false, browserName: msedge, browserVersion: 107.0.1418.35, ms:edgeOptions: {debuggerAddress: localhost:64705}, msedge: {msedgedriverVersion: 107.0.1418.35 (806ca5c53c4f..., userDataDir: C:\Users\jinsg\AppData\Loca...}, networkConnectionEnabled: false, pageLoadStrategy: normal, platformName: WINDOWS, proxy: Proxy(), se:cdp: ws://localhost:64705/devtoo..., se:cdpVersion: 107.0.1418.35, setWindowRect: true, strictFileInteractability: false, timeouts: {implicit: 0, pageLoad: 300000, script: 30000}, unhandledPromptBehavior: dismiss and notify, webauthn:extension:credBlob: true, webauthn:extension:largeBlob: true, webauthn:virtualAuthenticators: true}
Session ID: 6bace6011e480d5da616eff57bc059bb
	at sun.reflect.NativeConstructorAccessorImpl.newInstance0(Native Method)
	at sun.reflect.NativeConstructorAccessorImpl.newInstance(NativeConstructorAccessorImpl.java:62)
	at sun.reflect.DelegatingConstructorAccessorImpl.newInstance(DelegatingConstructorAccessorImpl.java:45)
	at java.lang.reflect.Constructor.newInstance(Constructor.java:423)
	at org.openqa.selenium.remote.codec.w3c.W3CHttpResponseCodec.createException(W3CHttpResponseCodec.java:200)
	at org.openqa.selenium.remote.codec.w3c.W3CHttpResponseCodec.decode(W3CHttpResponseCodec.java:133)
	at org.openqa.selenium.remote.codec.w3c.W3CHttpResponseCodec.decode(W3CHttpResponseCodec.java:53)
	at org.openqa.selenium.remote.HttpCommandExecutor.execute(HttpCommandExecutor.java:184)
	at org.openqa.selenium.remote.service.DriverCommandExecutor.invokeExecute(DriverCommandExecutor.java:167)
	at org.openqa.selenium.remote.service.DriverCommandExecutor.execute(DriverCommandExecutor.java:142)
	at org.openqa.selenium.remote.RemoteWebDriver.execute(RemoteWebDriver.java:547)
	at org.openqa.selenium.remote.ElementLocation$ElementFinder$2.findElement(ElementLocation.java:162)
	at org.openqa.selenium.remote.ElementLocation.findElement(ElementLocation.java:60)
	at org.openqa.selenium.remote.RemoteWebDriver.findElement(RemoteWebDriver.java:365)
	at org.openqa.selenium.remote.RemoteWebDriver.findElement(RemoteWebDriver.java:357)
	at org.openqa.selenium.support.pagefactory.DefaultElementLocator.findElement(DefaultElementLocator.java:70)
	at org.openqa.selenium.support.pagefactory.internal.LocatingElementHandler.invoke(LocatingElementHandler.java:39)
	at com.sun.proxy.$Proxy16.click(Unknown Source)
	at utilities.GeneralUtilities.buttonClick(GeneralUtilities.java:29)
	at elementRepository.ManageProduct.loadManageProductPage(ManageProduct.java:61)
	at testCases.ManageProductTestCases.verifyManageProductPageisLoaded(ManageProductTestCases.java:46)
	at sun.reflect.NativeMethodAccessorImpl.invoke0(Native Method)
	at sun.reflect.NativeMethodAccessorImpl.invoke(NativeMethodAccessorImpl.java:62)
	at sun.reflect.DelegatingMethodAccessorImpl.invoke(DelegatingMethodAccessorImpl.java:43)
	at java.lang.reflect.Method.invoke(Method.java:498)
	at org.testng.internal.MethodInvocationHelper.invokeMethod(MethodInvocationHelper.java:124)
	at org.testng.internal.Invoker.invokeMethod(Invoker.java:583)
	at org.testng.internal.Invoker.invokeTestMethod(Invoker.java:719)
	at org.testng.internal.Invoker.invokeTestMethods(Invoker.java:989)
	at org.testng.internal.TestMethodWorker.invokeTestMethods(TestMethodWorker.java:125)
	at org.testng.internal.TestMethodWorker.run(TestMethodWorker.java:109)
	at org.testng.TestRunner.privateRun(TestRunner.java:648)
	at org.testng.TestRunner.run(TestRunner.java:505)
	at org.testng.SuiteRunner.runTest(SuiteRunner.java:455)
	at org.testng.SuiteRunner.access$000(SuiteRunner.java:40)
	at org.testng.SuiteRunner$SuiteWorker.run(SuiteRunner.java:489)
	at org.testng.internal.thread.ThreadUtil$1.call(ThreadUtil.java:52)
	at java.util.concurrent.FutureTask.run(FutureTask.java:266)
	at java.util.concurrent.ThreadPoolExecutor.runWorker(ThreadPoolExecutor.java:1149)
	at java.util.concurrent.ThreadPoolExecutor$Worker.run(ThreadPoolExecutor.java:624)
	at java.lang.Thread.run(Thread.java:748)
</pre></div></td>
<td>6</td>
<td>testCases.ManageProductTestCases@e25b2fe</td></tr>
</table><p>
<table width='100%' border='1' class='invocation-passed'>
<tr><td colspan='4' align='center'><b>PASSED TESTS</b></td></tr>
<tr><td><b>Test method</b></td>
<td width="30%"><b>Exception</b></td>
<td width="10%"><b>Time (seconds)</b></td>
<td><b>Instance</b></td>
</tr>
<tr>
<td title='testCases.ExpenseCategoryTestCases.EditExpenseCategory()'><b>EditExpenseCategory</b><br>Test class: testCases.ExpenseCategoryTestCases</td>
<td></td>
<td>3</td>
<td>testCases.ExpenseCategoryTestCases@77cd7a0</td></tr>
<tr>
<td title='testCases.ExpenseCategoryTestCases.addNewExpenseCategory()'><b>addNewExpenseCategory</b><br>Test class: testCases.ExpenseCategoryTestCases</td>
<td></td>
<td>3</td>
<td>testCases.ExpenseCategoryTestCases@77cd7a0</td></tr>
<tr>
<td title='testCases.ManageExpensesTestCases.verifyAddExpenseFields()'><b>verifyAddExpenseFields</b><br>Test class: testCases.ManageExpensesTestCases</td>
<td></td>
<td>2</td>
<td>testCases.ManageExpensesTestCases@204f30ec</td></tr>
<tr>
<td title='testCases.ManageExpensesTestCases.verifyAddNewExpenseRecord()'><b>verifyAddNewExpenseRecord</b><br>Test class: testCases.ManageExpensesTestCases</td>
<td></td>
<td>5</td>
<td>testCases.ManageExpensesTestCases@204f30ec</td></tr>
<tr>
<td title='testCases.ManageProductTestCases.verifyAddNewProductPageDefaultCheckboxValues()'><b>verifyAddNewProductPageDefaultCheckboxValues</b><br>Test class: testCases.ManageProductTestCases</td>
<td></td>
<td>3</td>
<td>testCases.ManageProductTestCases@e25b2fe</td></tr>
<tr>
<td title='testCases.ManageProductTestCases.verifyAddNewProductPageDefaultRadioButtonValues()'><b>verifyAddNewProductPageDefaultRadioButtonValues</b><br>Test class: testCases.ManageProductTestCases</td>
<td></td>
<td>2</td>
<td>testCases.ManageProductTestCases@e25b2fe</td></tr>
<tr>
<td title='testCases.AdminUserTestCases.verifyAdminUserPageTitle()'><b>verifyAdminUserPageTitle</b><br>Test class: testCases.AdminUserTestCases</td>
<td></td>
<td>2</td>
<td>testCases.AdminUserTestCases@754ba872</td></tr>
<tr>
<td title='testCases.AdminUserTestCases.verifyAdminUserPageURL()'><b>verifyAdminUserPageURL</b><br>Test class: testCases.AdminUserTestCases</td>
<td></td>
<td>2</td>
<td>testCases.AdminUserTestCases@754ba872</td></tr>
<tr>
<td title='testCases.AdminUserTestCases.verifyCreateNewUser()'><b>verifyCreateNewUser</b><br>Test class: testCases.AdminUserTestCases</td>
<td></td>
<td>3</td>
<td>testCases.AdminUserTestCases@754ba872</td></tr>
<tr>
<td title='testCases.ExpenseCategoryTestCases.verifyExpenseCategoryPageIsLoaded()'><b>verifyExpenseCategoryPageIsLoaded</b><br>Test class: testCases.ExpenseCategoryTestCases</td>
<td></td>
<td>1</td>
<td>testCases.ExpenseCategoryTestCases@77cd7a0</td></tr>
<tr>
<td title='testCases.HomePageTestCases.verifyHomePageTitle()'><b>verifyHomePageTitle</b><br>Test class: testCases.HomePageTestCases</td>
<td></td>
<td>1</td>
<td>testCases.HomePageTestCases@4667ae56</td></tr>
<tr>
<td title='testCases.HomePageTestCases.verifyHomePageURL()'><b>verifyHomePageURL</b><br>Test class: testCases.HomePageTestCases</td>
<td></td>
<td>1</td>
<td>testCases.HomePageTestCases@4667ae56</td></tr>
<tr>
<td title='testCases.LoginTestCases.verifyLoginForInValidUserwithExcelDataProvider()'><b>verifyLoginForInValidUserwithExcelDataProvider</b><br>Test class: testCases.LoginTestCases<br>Parameters: asdf, pppp</td>
<td></td>
<td>0</td>
<td>testCases.LoginTestCases@1a968a59</td></tr>
<tr>
<td title='testCases.LoginTestCases.verifyLoginForInValidUserwithExcelDataProvider()'><b>verifyLoginForInValidUserwithExcelDataProvider</b><br>Test class: testCases.LoginTestCases<br>Parameters: neena, neena</td>
<td></td>
<td>0</td>
<td>testCases.LoginTestCases@1a968a59</td></tr>
<tr>
<td title='testCases.LoginTestCases.verifyLoginForInValidUserwithExcelDataProvider()'><b>verifyLoginForInValidUserwithExcelDataProvider</b><br>Test class: testCases.LoginTestCases<br>Parameters: hana, hana</td>
<td></td>
<td>0</td>
<td>testCases.LoginTestCases@1a968a59</td></tr>
<tr>
<td title='testCases.LoginTestCases.verifyLoginForInValidUserwithExcelDataProvider()'><b>verifyLoginForInValidUserwithExcelDataProvider</b><br>Test class: testCases.LoginTestCases<br>Parameters: $yamala, 12@1234</td>
<td></td>
<td>0</td>
<td>testCases.LoginTestCases@1a968a59</td></tr>
<tr>
<td title='testCases.LoginTestCases.verifyLoginForValidUser()'><b>verifyLoginForValidUser</b><br>Test class: testCases.LoginTestCases</td>
<td></td>
<td>1</td>
<td>testCases.LoginTestCases@1a968a59</td></tr>
<tr>
<td title='testCases.ManageExpensesTestCases.verifyManageExpensePageLoad()'><b>verifyManageExpensePageLoad</b><br>Test class: testCases.ManageExpensesTestCases</td>
<td></td>
<td>2</td>
<td>testCases.ManageExpensesTestCases@204f30ec</td></tr>
<tr>
<td title='testCases.ManageProductTestCases.verifyManageProductTitle()'><b>verifyManageProductTitle</b><br>Test class: testCases.ManageProductTestCases</td>
<td></td>
<td>1</td>
<td>testCases.ManageProductTestCases@e25b2fe</td></tr>
<tr>
<td title='testCases.ManageProductTestCases.verifyManageProductURL()'><b>verifyManageProductURL</b><br>Test class: testCases.ManageProductTestCases</td>
<td></td>
<td>2</td>
<td>testCases.ManageProductTestCases@e25b2fe</td></tr>
<tr>
<td title='testCases.HomePageTestCases.verifyNavigationBarCollapse()'><b>verifyNavigationBarCollapse</b><br>Test class: testCases.HomePageTestCases</td>
<td></td>
<td>2</td>
<td>testCases.HomePageTestCases@4667ae56</td></tr>
<tr>
<td title='testCases.ExpenseCategoryTestCases.verifyNewSearchResetButtonColors()'><b>verifyNewSearchResetButtonColors</b><br>Test class: testCases.ExpenseCategoryTestCases</td>
<td></td>
<td>2</td>
<td>testCases.ExpenseCategoryTestCases@77cd7a0</td></tr>
<tr>
<td title='testCases.ManageExpensesTestCases.verifyNewSearchResetButtonFontColor()'><b>verifyNewSearchResetButtonFontColor</b><br>Test class: testCases.ManageExpensesTestCases</td>
<td></td>
<td>2</td>
<td>testCases.ManageExpensesTestCases@204f30ec</td></tr>
<tr>
<td title='testCases.ManageExpensesTestCases.verifyNewSearchResetButtonFontSize()'><b>verifyNewSearchResetButtonFontSize</b><br>Test class: testCases.ManageExpensesTestCases</td>
<td></td>
<td>2</td>
<td>testCases.ManageExpensesTestCases@204f30ec</td></tr>
<tr>
<td title='testCases.ManageProductTestCases.verifyProductSearch()'><b>verifyProductSearch</b><br>Test class: testCases.ManageProductTestCases</td>
<td></td>
<td>2</td>
<td>testCases.ManageProductTestCases@e25b2fe</td></tr>
<tr>
<td title='testCases.LoginTestCases.verifySignInButtonColor()'><b>verifySignInButtonColor</b><br>Test class: testCases.LoginTestCases</td>
<td></td>
<td>0</td>
<td>testCases.LoginTestCases@1a968a59</td></tr>
<tr>
<td title='testCases.LoginTestCases.verifySignInButtonText()'><b>verifySignInButtonText</b><br>Test class: testCases.LoginTestCases</td>
<td></td>
<td>0</td>
<td>testCases.LoginTestCases@1a968a59</td></tr>
<tr>
<td title='testCases.HomePageTestCases.verifyUserLogout()'><b>verifyUserLogout</b><br>Test class: testCases.HomePageTestCases</td>
<td></td>
<td>0</td>
<td>testCases.HomePageTestCases@4667ae56</td></tr>
</table><p>
</body>
</html>